
> google-chrome-bookmarks@0.0.0 start /app
> nx serve


> nx run bookmarks:serve:development

- Generating browser application bundles (phase: setup)...
[32m✔[39m Browser application bundle generation complete.
[37m[0m[0m[39m
[37m[0m[1mInitial chunk files[22m                                                          [2m | [22m[1mNames[22m                                                          [2m | [22m [1mRaw size[22m[0m[39m
[37m[0m[32mvendor.js[39m[37m                                                                    [2m | [22m[2mvendor[22m                                                         [2m | [22m  [36m3.06 MB[39m[37m[2m | [22m[0m[39m
[37m[0m[32mmain.js[39m[37m                                                                      [2m | [22m[2mmain[22m                                                           [2m | [22m[36m255.67 kB[39m[37m[2m | [22m[0m[39m
[37m[0m[32mstyles.css, styles.js[39m[37m                                                        [2m | [22m[2mstyles[22m                                                         [2m | [22m[36m239.84 kB[39m[37m[2m | [22m[0m[39m
[37m[0m[32mpolyfills.js[39m[37m                                                                 [2m | [22m[2mpolyfills[22m                                                      [2m | [22m[36m218.85 kB[39m[37m[2m | [22m[0m[39m
[37m[0m[32mruntime.js[39m[37m                                                                   [2m | [22m[2mruntime[22m                                                        [2m | [22m [36m14.71 kB[39m[37m[2m | [22m[0m[39m
[37m[0m[0m[39m
[37m[0m[1m [22m                                                                            [2m | [22m[1mInitial total[22m                                                  [2m | [22m  [1m3.79 MB[22m[0m[39m
[37m[0m[0m[39m
[37m[0m[1mLazy chunk files[22m                                                             [2m | [22m[1mNames[22m                                                          [2m | [22m [1mRaw size[22m[0m[39m
[37m[0m[32msrc_app_components_ai-settings_ai-settings_component_ts.js[39m[37m                   [2m | [22m[2mcomponents-ai-settings-ai-settings-component[22m                   [2m | [22m [36m51.91 kB[39m[37m[2m | [22m[0m[39m
[37m[0m[32[39m[37mmsrc_app_components_settings_general-settings_general-settings_component_ts.js[39m[37m[2m | [22m[2mcomponents-settings-general-settings-general-settings-component[22m[2m | [22m  [36m8.78 kB[39m[37m[2m | [22m[0m[39m
[37m[0m[32msrc_app_components_settings_settings_component_ts.js[39m[37m                         [2m | [22m[2mcomponents-settings-settings-component[22m                         [2m | [22m  [36m7.67 kB[39m[37m[2m | [22m[0m[39m
[37m[0m[0m[39m
[37m[0mBuild at: [1m[37m2026-01-16T08:22:33.329Z[39m[37m[22m - Hash: [1m[37m43cc46efc666779a[39m[37m[22m - Time: [1m[37m24959[39m[37m[22mms[0m[39m
[37m[39m
[37m** Angular Live Development Server is listening on localhost:4200, open your browser on http://localhost:4200/ **[39m
[37m[39m
[37m[39m
[37m[92m✔[39m[37m Compiled successfully.[39m
[1m[33m[39m[22m
[1m[33m[0m[33mWarning: [39m[33m[0m[96msrc/app/app.component.ts[0m:[93m14[0m:[93m5[0m - [93mwarning[0m[90m NG8113: [0mBookmarksViewComponent is not used within the template of AppComponent[39m[22m
[1m[33m[39m[22m
[1m[33m[7m14[0m     BookmarksViewComponent,[39m[22m
[1m[33m[7m  [0m [93m    ~~~~~~~~~~~~~~~~~~~~~~[0m[39m[22m
[1m[33m[39m[22m
[1m[33m[39m[22m
[1m[33m[0m[33mWarning: [39m[33m[0m[96msrc/app/components/menus/bookmark-menu/bookmark-menu.component.ts[0m:[93m13[0m:[93m13[0m - [93mwarning[0m[90m NG8113: [0mCdkMenu is not used within the template of BookmarkMenuComponent[39m[22m
[1m[33m[39m[22m
[1m[33m[7m13[0m   imports: [CdkMenu, CdkMenuItem, CdkMenuTrigger, ContextMenuComponent, ContextMenuGroupDirective, ContextMenuItemComponent],[39m[22m
[1m[33m[7m  [0m [93m            ~~~~~~~[0m[39m[22m
[1m[33m[39m[22m
[1m[33m[39m[22m
[1m[33m[0m[33mWarning: [39m[33m[0m[96msrc/app/components/menus/bookmark-menu/bookmark-menu.component.ts[0m:[93m13[0m:[93m22[0m - [93mwarning[0m[90m NG8113: [0mCdkMenuItem is not used within the template of BookmarkMenuComponent[39m[22m
[1m[33m[39m[22m
[1m[33m[7m13[0m   imports: [CdkMenu, CdkMenuItem, CdkMenuTrigger, ContextMenuComponent, ContextMenuGroupDirective, ContextMenuItemComponent],[39m[22m
[1m[33m[7m  [0m [93m                     ~~~~~~~~~~~[0m[39m[22m
[1m[33m[39m[22m
[1m[33m[39m[22m
[1m[33m[0m[33mWarning: [39m[33m[0m[96msrc/app/components/menus/bookmark-menu/bookmark-menu.component.ts[0m:[93m13[0m:[93m35[0m - [93mwarning[0m[90m NG8113: [0mCdkMenuTrigger is not used within the template of BookmarkMenuComponent[39m[22m
[1m[33m[39m[22m
[1m[33m[7m13[0m   imports: [CdkMenu, CdkMenuItem, CdkMenuTrigger, ContextMenuComponent, ContextMenuGroupDirective, ContextMenuItemComponent],[39m[22m
[1m[33m[7m  [0m [93m                                  ~~~~~~~~~~~~~~[0m[39m[22m
[1m[33m[39m[22m
[1m[33m[39m[22m
[1m[33m[0m[33mWarning: [39m[33m[0m[96msrc/app/components/tree-view/tree-view.component.html[0m:[93m8[0m:[93m36[0m - [93mwarning[0m[90m NG8107: [0mThe left side of this optional chain operation does not include 'null' or 'undefined' in its type, therefore the '?.' operator can be replaced with the '.' operator.[39m[22m
[1m[33m[39m[22m
[1m[33m[7m8[0m       [menu]="rightClickMenu.menu?.menu"[39m[22m
[1m[33m[7m [0m [93m                                   ~~~~[0m[39m[22m
[1m[33m[39m[22m
[1m[33m  [96msrc/app/com[39m[22m[1m[33mponents/tree-view/tree-view.component.ts[0m:[93m11[0m:[93m16[0m[39m[22m
[1m[33m    [7m11[0m   templateUrl: './tree-view.component.html',[39m[22m
[1m[33m    [7m  [0m [96m               ~~~~~~~~~~~~~~~~~~~~~~~~~~~~[0m[39m[22m
[1m[33m    Warning occurs in the template of component TreeViewComponent.[39m[22m
[1m[33m[39m[22m
[1m[33m[39m[22m
[1m[33m[0m[33mWarning: [39m[33m[0m/app/node_modules/.pnpm/ng2-dragula@6.0.0_@angular+animations@21.0.7_@angular+core@21.0.7_@angular+compiler@21._8b75b683ef6fda7a2e34aec83aa527fa/node_modules/ng2-dragula/fesm2022/ng2-dragula.mjs depends on 'dragula'. CommonJS or AMD dependencies can cause optimization bailouts.[39m[22m
[1m[33mFor more info see: https://angular.dev/tools/cli/build#configuring-commonjs-dependencies[39m[22m
[1m[33m[39m[22m
[1m[33m[39m[22m
